 (-0.6180533930778790,-0.7861250655633466)  0.9999913076632492    
 (-3.5907877313343744E-05,6.5116413177072273E-05)  7.4360761952775464E-05
 (1.0696525538932465E-05,-4.6368706396418424E-05)  4.7586474879762725E-05
 (7.3250317195074275E-06,-1.0106842061583643E-05)  1.2482161116953517E-05
 (9.4438924571818567E-06,4.3296728906556194E-05)  4.4314713569542962E-05
 (3.2501991075498090E-03,-2.5572492051147535E-03)  4.1356157625893645E-03
 (-3.1550176716440454E-06,3.2024401760819823E-06)  4.4955266198489147E-06
 (-1.6433467111677624E-06,2.3524951185930707E-06)  2.8696379033094275E-06
 (1.6970411909955713E-04,-1.0122256317444055E-04)  1.9759933029987799E-04
 (-2.3348539581219592E-07,2.8628874972806878E-09)  2.3350294683879231E-07
 (-1.1900183371044472E-05,1.1764700380080071E-05)  1.6733874007459824E-05
 (1.5169665661486917E-05,1.4128670354460732E-05)  2.0730124993986718E-05
 (-1.3639806902614325E-06,4.9880838533754911E-07)  1.4523267981721974E-06
 (2.1869556512819736E-06,-6.0028537035814721E-06)  6.3888205176915062E-06
 (1.5528867452844998E-04,-2.7902160626364200E-04)  3.1932370597678110E-04
 (1.3840011941676128E-08,-4.0320809631672276E-08)  4.2629961528240831E-08
 (2.2880401557113852E-04,-1.8265179470119042E-04)  2.9276775035690593E-04
 (2.2680805066373183E-06,-7.2433119012724145E-07)  2.3809336104938631E-06
 (9.1546224862093494E-09,2.5558079790864811E-08)  2.7148159338364397E-08
 (6.2322172667433942E-06,8.6941044608520863E-07)  6.2925675668725710E-06
 (7.6441665376645066E-05,-5.0913702941207282E-05)  9.1845159658745628E-05
 (-1.1030228696577208E-06,-5.4817758364465443E-07)  1.2317297244925306E-06
 (-3.8854687172319149E-07,3.0098888134145551E-07)  4.9149056778035839E-07
 (-7.2892164929891063E-06,-2.0263534801363164E-06)  7.5656318644330672E-06
 (-2.6058420095665989E-06,-1.3178603767487574E-06)  2.9201315983062251E-06
 (1.1005960688664154E-05,-2.0423757550749819E-06)  1.1193858557501021E-05
 (1.4833263518571432E-06,-2.1253692738873367E-06)  2.5918047026151888E-06
 (2.0418251346379704E-06,-1.9792392029615082E-07)  2.0513955636748274E-06
 (-1.2808014141089330E-07,3.6167439121687980E-07)  3.8368331718480413E-07
 (-1.0389223992417367E-05,2.1310459309485519E-06)  1.0605533080634515E-05
 (9.9369042716094347E-06,-1.4417538011495033E-05)  1.7510210416098201E-05
 (-4.4437618072618681E-05,4.1575066663191305E-05)  6.0853825418101099E-05
 (7.7588908593310511E-07,-2.9099739060275126E-06)  3.0116361014291099E-06
 (-7.6730714259446360E-06,6.9354925262021005E-06)  1.0342972575070150E-05
 (3.5714578496916250E-07,3.4918907875538420E-07)  4.9948586010343998E-07
 (3.4494327245385779E-06,-1.5610971365036046E-05)  1.5987526796884284E-05
 (-1.2062632221493124E-06,2.5880217794199998E-07)  1.2337137141239715E-06
 (-5.2405294486587089E-06,-2.6947171335212086E-06)  5.8927624533788827E-06
 (-1.5548371149724854E-06,-5.1315815900205758E-06)  5.3619630797996043E-06
 (2.5523304619340322E-07,2.8866537672192402E-07)  3.8532013649324664E-07
 (-1.5404348139849332E-06,-2.9024703415656300E-06)  3.2859204950523226E-06
 (-3.0491807069857454E-07,6.7469312312250830E-07)  7.4039573217796503E-07
 (-8.9257070393812171E-06,-2.2370495975837854E-05)  2.4085417504328985E-05
 (1.6550667447401858E-06,2.1699071279302935E-05)  2.1762098711149493E-05
 (-5.6171499994909644E-07,4.5553149139000273E-08)  5.6355907460025294E-07
 (-4.4800403349064093E-07,2.0118948546554323E-06)  2.0611716377373538E-06
 (-2.2827509321965120E-05,8.7837542964294269E-06)  2.4459139833290272E-05
 (5.7686342825614559E-05,2.6552482840048657E-05)  6.3503925024878654E-05
 (8.9517724777433101E-05,1.4724338186290031E-05)  9.0720610581898625E-05
 (-5.7531930712048665E-08,6.5184260744873283E-08)  8.6941997333346310E-08
 (-7.6761541923642590E-05,-7.3023176500850470E-05)  1.0594677260195093E-04
 (3.2873769514244402E-06,-3.0059809068328660E-06)  4.4545222452021033E-06
 (-2.9929597443585477E-07,2.5195054895333797E-07)  3.9122520296038724E-07
 (-1.7074139960318187E-07,2.2631927208412531E-07)  2.8350139057003192E-07
 (1.8306119626501390E-05,-7.4576704130047924E-06)  1.9766913359672179E-05
 (-6.9347695138714873E-07,5.6293444099792280E-07)  8.9319956726750475E-07
 (-1.6506241427424959E-07,3.7069376900082930E-07)  4.0578254149492953E-07
 (-2.7513962968966647E-08,-1.7526586336319361E-08)  3.2622069015654484E-08
 (-1.7614766218538752E-05,9.5971841298532507E-06)  2.0059559620193087E-05
 (4.5701445401332678E-06,-4.1487279903977615E-06)  6.1723711048526375E-06
 (1.2675036738664753E-05,-2.4488513168517025E-05)  2.7574332875540853E-05
 (4.3932324211030096E-08,3.5516913362830171E-08)  5.6493364613960157E-08
 (3.6959344168656732E-05,3.0227847072053265E-05)  4.7746370123692755E-05
 (4.8410179126996226E-06,2.1957600049871029E-06)  5.3157141035405186E-06
 (9.1521104108941287E-07,-1.2914613411690228E-06)  1.5828719611724942E-06
 (2.9345206090166936E-07,5.0854893859108663E-08)  2.9782601007443635E-07
 (-3.5686008060579375E-05,1.6158094813025151E-05)  3.9173654403009767E-05
 (-7.8145068251709719E-07,1.2417099679309010E-06)  1.4671430787981779E-06
 (-2.7550579017933142E-07,-2.2470593977145240E-07)  3.5552243219086668E-07
 (1.9716327260265496E-06,7.3047872042901788E-07)  2.1026019041507830E-06
